<?xml version="1.0" encoding="UTF-8"?>
<!-- Generated by org.testng.reporters.JUnitReportReporter -->
<testsuite hostname="DESKTOP-AQQHRFD" failures="0" tests="1" name="testCases.TC001" time="0.161" errors="0" timestamp="2024-10-04T23:01:12 IST" skipped="0">
  <testcase classname="testCases.TC001" name="test2" time="0.161"/>
  <system-out/>
</testsuite> <!-- testCases.TC001 -->
