<?xml version="1.0" encoding="UTF-8"?>
<!-- Generated by org.testng.reporters.JUnitReportReporter -->
<testsuite hostname="Shrinivass-MacBook-Pro.local" failures="0" tests="1" name="testCases.TC001" time="5.032" errors="0" timestamp="2024-10-03T22:08:25 IST" skipped="0">
  <testcase classname="testCases.TC001" name="test2" time="5.032"/>
  <system-out/>
</testsuite> <!-- testCases.TC001 -->
